platforms/android/build/outputs/logs/manifest-merger-debug-report.txt
-- Merging decision tree log ---
manifest
ADDED from platforms/android/AndroidManifest.xml:2:1-30:12
	package
		ADDED from platforms/android/AndroidManifest.xml:2:102-126
		INJECTED from platforms/android/AndroidManifest.xml
		INJECTED from platforms/android/AndroidManifest.xml
	android:versionName
		ADDED from platforms/android/AndroidManifest.xml:2:74-101
		INJECTED from platforms/android/AndroidManifest.xml
		INJECTED from platforms/android/AndroidManifest.xml
	android:hardwareAccelerated
		ADDED from platforms/android/AndroidManifest.xml:2:11-45
	android:versionCode
		ADDED from platforms/android/AndroidManifest.xml:2:46-73
		INJECTED from platforms/android/AndroidManifest.xml
		INJECTED from platforms/android/AndroidManifest.xml
	xmlns:android
		ADDED from platforms/android/AndroidManifest.xml:2:127-185
supports-screens
ADDED from platforms/android/AndroidManifest.xml:3:5-191
	android:largeScreens
		ADDED from platforms/android/AndroidManifest.xml:3:49-76
	android:smallScreens
		ADDED from platforms/android/AndroidManifest.xml:3:132-159
	android:normalScreens
		ADDED from platforms/android/AndroidManifest.xml:3:77-105
	android:xlargeScreens
		ADDED from platforms/android/AndroidManifest.xml:3:160-188
	android:resizeable
		ADDED from platforms/android/AndroidManifest.xml:3:106-131
	android:anyDensity
		ADDED from platforms/android/AndroidManifest.xml:3:23-48
uses-permission#android.permission.INTERNET
ADDED from platforms/android/AndroidManifest.xml:4:5-67
	android:name
		ADDED from platforms/android/AndroidManifest.xml:4:22-64
application
ADDED from platforms/android/AndroidManifest.xml:5:5-19:19
MERGED from [com.android.support:support-v4:24.1.1] AndroidManifest.xml:25:5-20
	android:label
		ADDED from platforms/android/AndroidManifest.xml:5:81-113
	android:supportsRtl
		ADDED from platforms/android/AndroidManifest.xml:5:114-140
	android:hardwareAccelerated
		ADDED from platforms/android/AndroidManifest.xml:5:18-52
	android:icon
		ADDED from platforms/android/AndroidManifest.xml:5:53-80
activity#ch.awri.mobile.MainActivity
ADDED from platforms/android/AndroidManifest.xml:6:9-11:20
	android:label
		ADDED from platforms/android/AndroidManifest.xml:6:97-134
	android:launchMode
		ADDED from platforms/android/AndroidManifest.xml:6:135-165
	android:windowSoftInputMode
		ADDED from platforms/android/AndroidManifest.xml:6:257-299
	android:configChanges
		ADDED from platforms/android/AndroidManifest.xml:6:19-96
	android:theme
		ADDED from platforms/android/AndroidManifest.xml:6:194-256
	android:name
		ADDED from platforms/android/AndroidManifest.xml:6:166-193
intent-filter#android.intent.action.MAIN+android.intent.category.LAUNCHER
ADDED from platforms/android/AndroidManifest.xml:7:13-10:29
	android:label
		ADDED from platforms/android/AndroidManifest.xml:7:28-65
action#android.intent.action.MAIN
ADDED from platforms/android/AndroidManifest.xml:8:17-69
	android:name
		ADDED from platforms/android/AndroidManifest.xml:8:25-66
category#android.intent.category.LAUNCHER
ADDED from platforms/android/AndroidManifest.xml:9:17-77
	android:name
		ADDED from platforms/android/AndroidManifest.xml:9:27-74
provider#android.support.v4.content.FileProvider
ADDED from platforms/android/AndroidManifest.xml:12:9-14:20
	android:authorities
		ADDED from platforms/android/AndroidManifest.xml:12:19-66
		INJECTED from platforms/android/AndroidManifest.xml
	android:grantUriPermissions
		ADDED from platforms/android/AndroidManifest.xml:12:92-126
	android:exported
		ADDED from platforms/android/AndroidManifest.xml:12:67-91
	android:name
		ADDED from platforms/android/AndroidManifest.xml:12:127-181
meta-data#android.support.FILE_PROVIDER_PATHS
ADDED from platforms/android/AndroidManifest.xml:13:13-116
	android:resource
		ADDED from platforms/android/AndroidManifest.xml:13:75-113
	android:name
		ADDED from platforms/android/AndroidManifest.xml:13:24-74
activity#de.appplant.cordova.plugin.printer.ui.SelectPrinterActivity
ADDED from platforms/android/AndroidManifest.xml:15:9-145
	android:label
		ADDED from platforms/android/AndroidManifest.xml:15:44-67
	android:exported
		ADDED from platforms/android/AndroidManifest.xml:15:19-43
	android:name
		ADDED from platforms/android/AndroidManifest.xml:15:68-142
provider#nl.xservices.plugins.FileProvider
ADDED from platforms/android/AndroidManifest.xml:16:9-18:20
	android:authorities
		ADDED from platforms/android/AndroidManifest.xml:16:19-74
		INJECTED from platforms/android/AndroidManifest.xml
	android:grantUriPermissions
		ADDED from platforms/android/AndroidManifest.xml:16:100-134
	android:exported
		ADDED from platforms/android/AndroidManifest.xml:16:75-99
	android:name
		ADDED from platforms/android/AndroidManifest.xml:16:135-183
uses-sdk
ADDED from platforms/android/AndroidManifest.xml:20:5-74
MERGED from [com.android.support:support-v4:24.1.1] AndroidManifest.xml:21:5-23:54
MERGED from [org.apache.cordova:CordovaLib:6.3.0:debug] AndroidManifest.xml:25:5-44
	tools:overrideLibrary
		ADDED from [com.android.support:support-v4:24.1.1] AndroidManifest.xml:23:9-51
	android:targetSdkVersion
		ADDED from platforms/android/AndroidManifest.xml:20:42-71
	android:minSdkVersion
		ADDED from platforms/android/AndroidManifest.xml:20:15-41
uses-permission#android.permission.WRITE_EXTERNAL_STORAGE
ADDED from platforms/android/AndroidManifest.xml:21:5-81
	android:name
		ADDED from platforms/android/AndroidManifest.xml:21:22-78
uses-permission#android.permission.ACCESS_COARSE_LOCATION
ADDED from platforms/android/AndroidManifest.xml:22:5-81
	android:name
		ADDED from platforms/android/AndroidManifest.xml:22:22-78
uses-permission#android.permission.ACCESS_FINE_LOCATION
ADDED from platforms/android/AndroidManifest.xml:23:5-79
	android:name
		ADDED from platforms/android/AndroidManifest.xml:23:22-76
uses-feature#android.hardware.location.gps
ADDED from platforms/android/AndroidManifest.xml:24:5-66
	android:name
		ADDED from platforms/android/AndroidManifest.xml:24:19-63
uses-permission#android.permission.RECORD_AUDIO
ADDED from platforms/android/AndroidManifest.xml:25:5-71
	android:name
		ADDED from platforms/android/AndroidManifest.xml:25:22-68
uses-permission#android.permission.RECORD_VIDEO
ADDED from platforms/android/AndroidManifest.xml:26:5-71
	android:name
		ADDED from platforms/android/AndroidManifest.xml:26:22-68
uses-permission#android.permission.READ_EXTERNAL_STORAGE
ADDED from platforms/android/AndroidManifest.xml:27:5-80
	android:name
		ADDED from platforms/android/AndroidManifest.xml:27:22-77
uses-permission#android.permission.ACCESS_NETWORK_STATE
ADDED from platforms/android/AndroidManifest.xml:28:5-79
	android:name
		ADDED from platforms/android/AndroidManifest.xml:28:22-76
uses-permission#android.permission.VIBRATE
ADDED from platforms/android/AndroidManifest.xml:29:5-66
	android:name
		ADDED from platforms/android/AndroidManifest.xml:29:22-63